<?xml version="1.0" encoding="UTF-8"?>
<testsuite xmlns:xsi="http://www.w3.org/2001/XMLSchema-instance" xsi:noNamespaceSchemaLocation="https://maven.apache.org/surefire/maven-surefire-plugin/xsd/surefire-test-report.xsd" version="3.0.2" name="com.microservices.questionService.QuestionServiceApplicationTests" time="4.395" tests="1" errors="0" skipped="0" failures="0">
  <properties>
[...]
</properties>
  <testcase name="contextLoads" classname="com.microservices.questionService.QuestionServiceApplicationTests" time="0.687">
    <system-out><![CDATA[10:55:43.795 [main] INFO org.springframework.test.context.support.AnnotationConfigContextLoaderUtils -- Could not detect default configuration classes for test class [com.microservices.questionService.QuestionServiceApplicationTests]: QuestionServiceApplicationTests does not declare any static, non-private, non-final, nested classes annotated with @Configuration.
10:55:43.867 [main] INFO org.springframework.boot.test.context.SpringBootTestContextBootstrapper -- Found @SpringBootConfiguration com.microservices.questionService.QuestionServiceApplication for test class com.microservices.questionService.QuestionServiceApplicationTests

  .   ____          _            __ _ _
 /\\ / ___'_ __ _ _(_)_ __  __ _ \ \ \ \
( ( )\___ | '_ | '_| | '_ \/ _` | \ \ \ \
 \\/  ___)| |_)| | | | | || (_| |  ) ) ) )
  '  |____| .__|_| |_|_| |_\__, | / / / /
 =========|_|==============|___/=/_/_/_/

 :: Spring Boot ::                (v3.5.6)

2025-11-28T10:55:44.282+05:30  INFO 43413 --- [questionService] [           main] c.m.q.QuestionServiceApplicationTests    : Starting QuestionServiceApplicationTests using Java 21.0.9 with PID 43413 (started by priyanshukumarsaw in /Users/priyanshukumarsaw/Documents/Chubb/eclipseMicroServicesQuiz/questionService)
2025-11-28T10:55:44.282+05:30  INFO 43413 --- [questionService] [           main] c.m.q.QuestionServiceApplicationTests    : No active profile set, falling back to 1 default profile: "default"
2025-11-28T10:55:44.768+05:30  INFO 43413 --- [questionService] [           main] .s.d.r.c.RepositoryConfigurationDelegate : Bootstrapping Spring Data MongoDB repositories in DEFAULT mode.
2025-11-28T10:55:44.851+05:30  INFO 43413 --- [questionService] [           main] .s.d.r.c.RepositoryConfigurationDelegate : Finished Spring Data repository scanning in 79 ms. Found 1 MongoDB repository interface.
2025-11-28T10:55:44.975+05:30  INFO 43413 --- [questionService] [           main] o.s.cloud.context.scope.GenericScope     : BeanFactory id=afeca24d-10ca-3485-9197-27fd59a497b6
2025-11-28T10:55:45.182+05:30  INFO 43413 --- [questionService] [           main] org.mongodb.driver.client                : MongoClient with metadata {"application": {"name": "Cluster0"}, "driver": {"name": "mongo-java-driver|sync|spring-boot", "version": "5.5.1"}, "os": {"type": "Darwin", "name": "Mac OS X", "architecture": "aarch64", "version": "26.1"}, "platform": "Java/Eclipse Adoptium/21.0.9+10-LTS"} created with settings MongoClientSettings{readPreference=primary, writeConcern=WriteConcern{w=majority, wTimeout=null ms, journal=null}, retryWrites=true, retryReads=true, readConcern=ReadConcern{level=null}, credential=MongoCredential{mechanism=null, userName='himanshu0ic7', source='admin', password=<hidden>, mechanismProperties=<hidden>}, transportSettings=null, commandListeners=[], codecRegistry=ProvidersCodecRegistry{codecProviders=[ValueCodecProvider{}, BsonValueCodecProvider{}, DBRefCodecProvider{}, DBObjectCodecProvider{}, DocumentCodecProvider{}, CollectionCodecProvider{}, IterableCodecProvider{}, MapCodecProvider{}, GeoJsonCodecProvider{}, GridFSFileCodecProvider{}, Jsr310CodecProvider{}, JsonObjectCodecProvider{}, BsonCodecProvider{}, EnumCodecProvider{}, com.mongodb.client.model.mql.ExpressionCodecProvider@21002393, com.mongodb.Jep395RecordCodecProvider@718989fa, com.mongodb.KotlinCodecProvider@69f080ad]}, loggerSettings=LoggerSettings{maxDocumentLength=1000}, clusterSettings={hosts=[127.0.0.1:27017], srvHost=cluster0.2ail4xp.mongodb.net, srvServiceName=mongodb, mode=MULTIPLE, requiredClusterType=REPLICA_SET, requiredReplicaSetName='atlas-ra0iyc-shard-0', serverSelector='null', clusterListeners='[]', serverSelectionTimeout='30000 ms', localThreshold='15 ms'}, socketSettings=SocketSettings{connectTimeoutMS=10000, readTimeoutMS=0, receiveBufferSize=0, proxySettings=ProxySettings{host=null, port=null, username=null, password=null}}, heartbeatSocketSettings=SocketSettings{connectTimeoutMS=10000, readTimeoutMS=10000, receiveBufferSize=0, proxySettings=ProxySettings{host=null, port=null, username=null, password=null}}, connectionPoolSettings=ConnectionPoolSettings{maxSize=100, minSize=0, maxWaitTimeMS=120000, maxConnectionLifeTimeMS=0, maxConnectionIdleTimeMS=0, maintenanceInitialDelayMS=0, maintenanceFrequencyMS=60000, connectionPoolListeners=[], maxConnecting=2}, serverSettings=ServerSettings{heartbeatFrequencyMS=10000, minHeartbeatFrequencyMS=500, serverMonitoringMode=AUTO, serverListeners='[]', serverMonitorListeners='[]'}, sslSettings=SslSettings{enabled=true, invalidHostNameAllowed=false, context=null}, applicationName='Cluster0', compressorList=[], uuidRepresentation=JAVA_LEGACY, serverApi=null, autoEncryptionSettings=null, dnsClient=null, inetAddressResolver=null, contextProvider=null, timeoutMS=null}
2025-11-28T10:55:45.346+05:30  INFO 43413 --- [questionService] [4xp.mongodb.net] org.mongodb.driver.cluster               : Adding discovered server ac-4tqpqkk-shard-00-02.2ail4xp.mongodb.net:27017 to client view of cluster
2025-11-28T10:55:45.364+05:30  INFO 43413 --- [questionService] [4xp.mongodb.net] org.mongodb.driver.cluster               : Adding discovered server ac-4tqpqkk-shard-00-00.2ail4xp.mongodb.net:27017 to client view of cluster
2025-11-28T10:55:45.365+05:30  INFO 43413 --- [questionService] [4xp.mongodb.net] org.mongodb.driver.cluster               : Adding discovered server ac-4tqpqkk-shard-00-01.2ail4xp.mongodb.net:27017 to client view of cluster
2025-11-28T10:55:45.569+05:30  INFO 43413 --- [questionService] [           main] o.s.v.b.OptionalValidatorFactoryBean     : Failed to set up a Bean Validation provider: jakarta.validation.NoProviderFoundException: Unable to create a Configuration, because no Jakarta Bean Validation provider could be found. Add a provider like Hibernate Validator (RI) to your classpath.
2025-11-28T10:55:45.817+05:30  INFO 43413 --- [questionService] [           main] DiscoveryClientOptionalArgsConfiguration : Eureka HTTP Client uses RestTemplate.
2025-11-28T10:55:45.836+05:30  WARN 43413 --- [questionService] [           main] iguration$LoadBalancerCaffeineWarnLogger : Spring Cloud LoadBalancer is currently working with the default cache. While this cache implementation is useful for development and tests, it's recommended to use Caffeine cache in production.You can switch to using Caffeine cache, by adding it and org.springframework.cache.caffeine.CaffeineCacheManager to the classpath.
2025-11-28T10:55:45.868+05:30  INFO 43413 --- [questionService] [           main] o.s.c.n.eureka.InstanceInfoFactory       : Setting initial instance status as: STARTING
2025-11-28T10:55:45.883+05:30  INFO 43413 --- [questionService] [           main] com.netflix.discovery.DiscoveryClient    : Initializing Eureka in region us-east-1
2025-11-28T10:55:45.885+05:30  INFO 43413 --- [questionService] [           main] c.n.d.s.r.aws.ConfigClusterResolver      : Resolving eureka endpoints via configuration
2025-11-28T10:55:45.890+05:30  INFO 43413 --- [questionService] [           main] com.netflix.discovery.DiscoveryClient    : Disable delta property : false
2025-11-28T10:55:45.890+05:30  INFO 43413 --- [questionService] [           main] com.netflix.discovery.DiscoveryClient    : Single vip registry refresh property : null
2025-11-28T10:55:45.890+05:30  INFO 43413 --- [questionService] [           main] com.netflix.discovery.DiscoveryClient    : Force full registry fetch : false
2025-11-28T10:55:45.890+05:30  INFO 43413 --- [questionService] [           main] com.netflix.discovery.DiscoveryClient    : Application is null : false
2025-11-28T10:55:45.891+05:30  INFO 43413 --- [questionService] [           main] com.netflix.discovery.DiscoveryClient    : Registered Applications size is zero : true
2025-11-28T10:55:45.891+05:30  INFO 43413 --- [questionService] [           main] com.netflix.discovery.DiscoveryClient    : Application version is -1: true
2025-11-28T10:55:45.891+05:30  INFO 43413 --- [questionService] [           main] com.netflix.discovery.DiscoveryClient    : Getting all instance registry info from the eureka server
2025-11-28T10:55:45.970+05:30  INFO 43413 --- [questionService] [ngodb.net:27017] org.mongodb.driver.cluster               : Monitor thread successfully connected to server with description ServerDescription{address=ac-4tqpqkk-shard-00-01.2ail4xp.mongodb.net:27017, type=REPLICA_SET_PRIMARY, cryptd=false, state=CONNECTED, ok=true, minWireVersion=0, maxWireVersion=25, maxDocumentSize=16777216, logicalSessionTimeoutMinutes=30, roundTripTimeNanos=429591125, minRoundTripTimeNanos=0, setName='atlas-ra0iyc-shard-0', canonicalAddress=ac-4tqpqkk-shard-00-01.2ail4xp.mongodb.net:27017, hosts=[ac-4tqpqkk-shard-00-00.2ail4xp.mongodb.net:27017, ac-4tqpqkk-shard-00-01.2ail4xp.mongodb.net:27017, ac-4tqpqkk-shard-00-02.2ail4xp.mongodb.net:27017], passives=[], arbiters=[], primary='ac-4tqpqkk-shard-00-01.2ail4xp.mongodb.net:27017', tagSet=TagSet{[Tag{name='availabilityZone', value='aps1-az3'}, Tag{name='diskState', value='READY'}, Tag{name='nodeType', value='ELECTABLE'}, Tag{name='provider', value='AWS'}, Tag{name='region', value='AP_SOUTH_1'}, Tag{name='workloadType', value='OPERATIONAL'}]}, electionId=7fffffff0000000000000120, setVersion=305, topologyVersion=TopologyVersion{processId=691f84e99ea97e01ccb0a557, counter=6}, lastWriteDate=Fri Nov 28 10:55:45 IST 2025, lastUpdateTimeNanos=139482194752291}
2025-11-28T10:55:45.970+05:30  INFO 43413 --- [questionService] [ngodb.net:27017] org.mongodb.driver.cluster               : Monitor thread successfully connected to server with description ServerDescription{address=ac-4tqpqkk-shard-00-02.2ail4xp.mongodb.net:27017, type=REPLICA_SET_SECONDARY, cryptd=false, state=CONNECTED, ok=true, minWireVersion=0, maxWireVersion=25, maxDocumentSize=16777216, logicalSessionTimeoutMinutes=30, roundTripTimeNanos=421362833, minRoundTripTimeNanos=0, setName='atlas-ra0iyc-shard-0', canonicalAddress=ac-4tqpqkk-shard-00-02.2ail4xp.mongodb.net:27017, hosts=[ac-4tqpqkk-shard-00-00.2ail4xp.mongodb.net:27017, ac-4tqpqkk-shard-00-01.2ail4xp.mongodb.net:27017, ac-4tqpqkk-shard-00-02.2ail4xp.mongodb.net:27017], passives=[], arbiters=[], primary='ac-4tqpqkk-shard-00-01.2ail4xp.mongodb.net:27017', tagSet=TagSet{[Tag{name='availabilityZone', value='aps1-az2'}, Tag{name='diskState', value='READY'}, Tag{name='nodeType', value='ELECTABLE'}, Tag{name='provider', value='AWS'}, Tag{name='region', value='AP_SOUTH_1'}, Tag{name='workloadType', value='OPERATIONAL'}]}, electionId=null, setVersion=305, topologyVersion=TopologyVersion{processId=691f87e184d4faa6b3dec49e, counter=3}, lastWriteDate=Fri Nov 28 10:55:45 IST 2025, lastUpdateTimeNanos=139482194513291}
2025-11-28T10:55:45.970+05:30  INFO 43413 --- [questionService] [ngodb.net:27017] org.mongodb.driver.cluster               : Monitor thread successfully connected to server with description ServerDescription{address=ac-4tqpqkk-shard-00-00.2ail4xp.mongodb.net:27017, type=REPLICA_SET_SECONDARY, cryptd=false, state=CONNECTED, ok=true, minWireVersion=0, maxWireVersion=25, maxDocumentSize=16777216, logicalSessionTimeoutMinutes=30, roundTripTimeNanos=421362417, minRoundTripTimeNanos=0, setName='atlas-ra0iyc-shard-0', canonicalAddress=ac-4tqpqkk-shard-00-00.2ail4xp.mongodb.net:27017, hosts=[ac-4tqpqkk-shard-00-00.2ail4xp.mongodb.net:27017, ac-4tqpqkk-shard-00-01.2ail4xp.mongodb.net:27017, ac-4tqpqkk-shard-00-02.2ail4xp.mongodb.net:27017], passives=[], arbiters=[], primary='ac-4tqpqkk-shard-00-01.2ail4xp.mongodb.net:27017', tagSet=TagSet{[Tag{name='availabilityZone', value='aps1-az1'}, Tag{name='diskState', value='READY'}, Tag{name='nodeType', value='ELECTABLE'}, Tag{name='provider', value='AWS'}, Tag{name='region', value='AP_SOUTH_1'}, Tag{name='workloadType', value='OPERATIONAL'}]}, electionId=null, setVersion=305, topologyVersion=TopologyVersion{processId=691f8287cf8b47a23b10dcd9, counter=4}, lastWriteDate=Fri Nov 28 10:55:45 IST 2025, lastUpdateTimeNanos=139482194518333}
2025-11-28T10:55:45.972+05:30  INFO 43413 --- [questionService] [ngodb.net:27017] org.mongodb.driver.cluster               : Discovered replica set primary ac-4tqpqkk-shard-00-01.2ail4xp.mongodb.net:27017 with max election id 7fffffff0000000000000120 and max set version 305
2025-11-28T10:55:47.347+05:30  INFO 43413 --- [questionService] [           main] com.netflix.discovery.DiscoveryClient    : The response status is 200
2025-11-28T10:55:47.351+05:30  INFO 43413 --- [questionService] [           main] com.netflix.discovery.DiscoveryClient    : Starting heartbeat executor: renew interval is: 30
2025-11-28T10:55:47.354+05:30  INFO 43413 --- [questionService] [           main] c.n.discovery.InstanceInfoReplicator     : InstanceInfoReplicator onDemand update allowed rate per min is 4
2025-11-28T10:55:47.358+05:30  INFO 43413 --- [questionService] [           main] com.netflix.discovery.DiscoveryClient    : Discovery Client initialized at timestamp 1764307547356 with initial instances count: 0
2025-11-28T10:55:47.361+05:30  INFO 43413 --- [questionService] [           main] o.s.c.n.e.s.EurekaServiceRegistry        : Registering application QUESTIONSERVICE with eureka with status UP
2025-11-28T10:55:47.362+05:30  INFO 43413 --- [questionService] [           main] com.netflix.discovery.DiscoveryClient    : Saw local status change event StatusChangeEvent [timestamp=1764307547362, current=UP, previous=STARTING]
2025-11-28T10:55:47.363+05:30  INFO 43413 --- [questionService] [foReplicator-%d] com.netflix.discovery.DiscoveryClient    : DiscoveryClient_QUESTIONSERVICE/10.104.27.182:questionService:8080: registering service...
2025-11-28T10:55:47.376+05:30  INFO 43413 --- [questionService] [           main] c.m.q.QuestionServiceApplicationTests    : Started QuestionServiceApplicationTests in 3.275 seconds (process running for 4.044)
]]></system-out>
    <system-err><![CDATA[Mockito is currently self-attaching to enable the inline-mock-maker. This will no longer work in future releases of the JDK. Please add Mockito as an agent to your build as described in Mockito's documentation: https://javadoc.io/doc/org.mockito/mockito-core/latest/org.mockito/org/mockito/Mockito.html#0.3
WARNING: A Java agent has been loaded dynamically (/Users/priyanshukumarsaw/.m2/repository/net/bytebuddy/byte-buddy-agent/1.17.7/byte-buddy-agent-1.17.7.jar)
WARNING: If a serviceability tool is in use, please run with -XX:+EnableDynamicAgentLoading to hide this warning
WARNING: If a serviceability tool is not in use, please run with -Djdk.instrument.traceUsage for more information
WARNING: Dynamic loading of agents will be disallowed by default in a future release
]]></system-err>
  </testcase>
</testsuite>